14:53:51.287 INFO - Launching a standalone Selenium Server
14:54:00.143 INFO - Java: Oracle Corporation 25.144-b01
14:54:00.143 INFO - OS: Windows Server 2008 R2 6.1 amd64
14:54:00.171 INFO - v2.53.1, with Core v2.53.1. Built from revision a36b8b1
14:54:00.350 INFO - Driver class not found: com.opera.core.systems.OperaDriver
14:54:00.352 INFO - Driver provider com.opera.core.systems.OperaDriver is not registered
14:54:00.379 INFO - Driver provider org.openqa.selenium.safari.SafariDriver registration is skipped:
registration capabilities Capabilities [{browserName=safari, version=, platform=MAC}] does not match the current platform VISTA
14:54:00.380 INFO - Driver class not found: org.openqa.selenium.htmlunit.HtmlUnitDriver
14:54:00.380 INFO - Driver provider org.openqa.selenium.htmlunit.HtmlUnitDriver is not registered
14:54:17.604 INFO - RemoteWebDriver instances should connect to: http://127.0.0.1:4444/wd/hub
14:54:17.604 INFO - Selenium Server is up and running
14:54:18.674 INFO - Executing: [new session: Capabilities [{acceptSslCerts=true, marionette=true, name=Sample Test, browserName=chrome, javascriptEnabled=true, platform=ANY}]])
14:54:18.710 INFO - Creating a new session for Capabilities [{acceptSslCerts=true, marionette=true, name=Sample Test, browserName=chrome, javascriptEnabled=true, platform=ANY}]
Starting ChromeDriver 2.35.528161 (5b82f2d2aae0ca24b877009200ced9065a772e73) on port 21875
Only local connections are allowed.
14:54:33.163 INFO - Done: [new session: Capabilities [{acceptSslCerts=true, marionette=true, name=Sample Test, browserName=chrome, javascriptEnabled=true, platform=ANY}]]
14:54:33.265 INFO - Executing: [get: http://localhost:3001/#/])
14:55:02.858 INFO - Done: [get: http://localhost:3001/#/]
14:55:05.089 INFO - Executing: [find elements: By.cssSelector: body])
14:55:06.742 INFO - Done: [find elements: By.cssSelector: body]
14:55:06.757 INFO - Executing: [is displayed: 0 [[ChromeDriver: chrome on XP (9a8d324fdecf742710f0d43f281a2d73)] -> css selector: body]])
14:55:06.852 INFO - Done: [is displayed: 0 [[ChromeDriver: chrome on XP (9a8d324fdecf742710f0d43f281a2d73)] -> css selector: body]]
14:55:06.892 INFO - Executing: [get title])
14:55:06.953 INFO - Done: [get title]
14:55:09.020 INFO - Executing: [find element: By.cssSelector: button[name=Submit]])
14:55:10.053 WARN - Exception thrown
org.openqa.selenium.NoSuchElementException: no such element: Unable to locate element: {"method":"css selector","selector":"button[name=Submit]"}
  (Session info: chrome=64.0.3282.119)
  (Driver info: chromedriver=2.35.528161 (5b82f2d2aae0ca24b877009200ced9065a772e73),platform=Windows NT 6.1.7601 SP1 x86_64) (WARNING: The server did not provide any stacktrace information)
Command duration or timeout: 204 milliseconds
For documentation on this error, please visit: http://seleniumhq.org/exceptions/no_such_element.html
Build info: version: '2.53.1', revision: 'a36b8b1', time: '2016-06-30 17:37:03'
System info: host: 'PRISM', ip: '10.234.12.30', os.name: 'Windows Server 2008 R2', os.arch: 'amd64', os.version: '6.1', java.version: '1.8.0_144'
Driver info: org.openqa.selenium.chrome.ChromeDriver
Capabilities [{applicationCacheEnabled=false, rotatable=false, mobileEmulationEnabled=false, networkConnectionEnabled=false, chrome={chromedriverVersion=2.35.528161 (5b82f2d2aae0ca24b877009200ced9065a772e73), userDataDir=C:\Users\WIPROA~1\AppData\Local\Temp\2\scoped_dir2336_6364}, takesHeapSnapshot=true, pageLoadStrategy=normal, databaseEnabled=false, handlesAlerts=true, hasTouchScreen=false, version=64.0.3282.119, platform=XP, browserConnectionEnabled=false, nativeEvents=true, acceptSslCerts=false, acceptInsecureCerts=false, locationContextEnabled=true, webStorageEnabled=true, browserName=chrome, takesScreenshot=true, javascriptEnabled=true, cssSelectorsEnabled=true, setWindowRect=true, unexpectedAlertBehaviour=}]
Session ID: 9a8d324fdecf742710f0d43f281a2d73
*** Element info: {Using=css selector, value=button[name=Submit]}
	at sun.reflect.NativeConstructorAccessorImpl.newInstance0(Native Method)
	at sun.reflect.NativeConstructorAccessorImpl.newInstance(NativeConstructorAccessorImpl.java:62)
	at sun.reflect.DelegatingConstructorAccessorImpl.newInstance(DelegatingConstructorAccessorImpl.java:45)
	at java.lang.reflect.Constructor.newInstance(Constructor.java:423)
	at org.openqa.selenium.remote.ErrorHandler.createThrowable(ErrorHandler.java:206)
	at org.openqa.selenium.remote.ErrorHandler.throwIfResponseFailed(ErrorHandler.java:158)
	at org.openqa.selenium.remote.RemoteWebDriver.execute(RemoteWebDriver.java:678)
	at org.openqa.selenium.remote.RemoteWebDriver.findElement(RemoteWebDriver.java:363)
	at org.openqa.selenium.remote.RemoteWebDriver.findElementByCssSelector(RemoteWebDriver.java:492)
	at org.openqa.selenium.By$ByCssSelector.findElement(By.java:430)
	at org.openqa.selenium.remote.RemoteWebDriver.findElement(RemoteWebDriver.java:355)
	at sun.reflect.NativeMethodAccessorImpl.invoke0(Native Method)
	at sun.reflect.NativeMethodAccessorImpl.invoke(NativeMethodAccessorImpl.java:62)
	at sun.reflect.DelegatingMethodAccessorImpl.invoke(DelegatingMethodAccessorImpl.java:43)
	at java.lang.reflect.Method.invoke(Method.java:498)
	at org.openqa.selenium.support.events.EventFiringWebDriver$2.invoke(EventFiringWebDriver.java:103)
	at com.sun.proxy.$Proxy1.findElement(Unknown Source)
	at org.openqa.selenium.support.events.EventFiringWebDriver.findElement(EventFiringWebDriver.java:188)
	at org.openqa.selenium.remote.server.handler.FindElement.call(FindElement.java:48)
	at org.openqa.selenium.remote.server.handler.FindElement.call(FindElement.java:1)
	at java.util.concurrent.FutureTask.run(FutureTask.java:266)
	at org.openqa.selenium.remote.server.DefaultSession$1.run(DefaultSession.java:176)
	at java.util.concurrent.ThreadPoolExecutor.runWorker(ThreadPoolExecutor.java:1149)
	at java.util.concurrent.ThreadPoolExecutor$Worker.run(ThreadPoolExecutor.java:624)
	at java.lang.Thread.run(Thread.java:748)
14:55:10.063 WARN - Exception: no such element: Unable to locate element: {"method":"css selector","selector":"button[name=Submit]"}
  (Session info: chrome=64.0.3282.119)
  (Driver info: chromedriver=2.35.528161 (5b82f2d2aae0ca24b877009200ced9065a772e73),platform=Windows NT 6.1.7601 SP1 x86_64) (WARNING: The server did not provide any stacktrace information)
Command duration or timeout: 204 milliseconds
For documentation on this error, please visit: http://seleniumhq.org/exceptions/no_such_element.html
Build info: version: '2.53.1', revision: 'a36b8b1', time: '2016-06-30 17:37:03'
System info: host: 'PRISM', ip: '10.234.12.30', os.name: 'Windows Server 2008 R2', os.arch: 'amd64', os.version: '6.1', java.version: '1.8.0_144'
Driver info: org.openqa.selenium.chrome.ChromeDriver
Capabilities [{applicationCacheEnabled=false, rotatable=false, mobileEmulationEnabled=false, networkConnectionEnabled=false, chrome={chromedriverVersion=2.35.528161 (5b82f2d2aae0ca24b877009200ced9065a772e73), userDataDir=C:\Users\WIPROA~1\AppData\Local\Temp\2\scoped_dir2336_6364}, takesHeapSnapshot=true, pageLoadStrategy=normal, databaseEnabled=false, handlesAlerts=true, hasTouchScreen=false, version=64.0.3282.119, platform=XP, browserConnectionEnabled=false, nativeEvents=true, acceptSslCerts=false, acceptInsecureCerts=false, locationContextEnabled=true, webStorageEnabled=true, browserName=chrome, takesScreenshot=true, javascriptEnabled=true, cssSelectorsEnabled=true, setWindowRect=true, unexpectedAlertBehaviour=}]
Session ID: 9a8d324fdecf742710f0d43f281a2d73
*** Element info: {Using=css selector, value=button[name=Submit]}
14:55:11.218 INFO - Executing: [delete session: ddc846d5-dd59-4c0c-8f00-2e0a1684c406])
14:55:13.436 INFO - Done: [delete session: ddc846d5-dd59-4c0c-8f00-2e0a1684c406]
